yarn run v1.22.22
$ concurrently "next dev" "node scripts/generate-component-tests.js"
[1] 🚀 Generating Jest/Vitest tests for React components...
[1] 
[1] ⏭️  Skipping excluded directory: ui
[1] 📊 Found 97 components:
[1]   - analytics/Dashboard.tsx
[1]   - analytics/History.tsx
[1]   - analytics/Reports.tsx
[1]   - common/agent/Agent.tsx
[1]   - common/analytics/Registry.tsx
[1]   - common/analytics/footer/CohortCompletion.tsx
[1]   - common/analytics/footer/ScenarioData.tsx
[1]   - common/analytics/footer/SimulationPerformance.tsx
[1]   - common/analytics/footer/SkillGrowth.tsx
[1]   - common/analytics/header/ActiveCohorts.tsx
[1]   - common/analytics/header/AverageScore.tsx
[1]   - common/analytics/header/CompletionRate.tsx
[1]   - common/analytics/header/NeedSupport.tsx
[1]   - common/analytics/header/PassRate.tsx
[1]   - common/analytics/header/TotalSessions.tsx
[1]   - common/analytics/header/TotalTas.tsx
[1]   - common/analytics/header/TrainingHours.tsx
[1]   - common/analytics/header/TrainingSessions.tsx
[1]   - common/analytics/primary/PerformanceByPersonality.tsx
[1]   - common/analytics/primary/PerformanceTrends.tsx
[1]   - common/analytics/primary/SessionActivity.tsx
[1]   - common/analytics/secondary/ClassPerformance.tsx
[1]   - common/analytics/secondary/SkillBreakdown.tsx
[1]   - common/analytics/secondary/TrainingInsights.tsx
[1]   - common/chat/Attempt.tsx
[1]   - common/chat/DocumentViewer.tsx
[1]   - common/chat/EvaluationRun.tsx
[1]   - common/chat/Markdown.tsx
[1]   - common/chat/MarkdownImage.tsx
[1]   - common/class/ClassForm.tsx
[1]   - common/cohort/Cohort.tsx
[1]   - common/dashboard/CarouselSection.tsx
[1]   - common/dashboard/DashboardEdit.tsx
[1]   - common/dashboard/DraggableComponent.tsx
[1]   - common/dashboard/DropZone.tsx
[1]   - common/dashboard/FooterPreview.tsx
[1]   - common/dashboard/HeaderPreview.tsx
[1]   - common/dashboard/SettingsDialog.tsx
[1]   - common/eval/Eval.tsx
[1]   - common/history/SimulationHistory.tsx
[1]   - common/history/columns.tsx
[1]   - common/history/data-table-column-header.tsx
[1]   - common/history/data-table-faceted-filter.tsx
[1]   - common/history/data-table-pagination.tsx
[1]   - common/history/data-table-row-actions.tsx
[1]   - common/history/data-table-toolbar.tsx
[1]   - common/history/data-table-view-options.tsx
[1]   - common/history/data-table.tsx
[1]   - common/history/export-button.tsx
[1]   - common/home/ChatDialog.tsx
[1]   - common/home/ChatFab.tsx
[1]   - common/home/ChatInput.tsx
[1]   - common/home/ChatMessages.tsx
[1]   - common/home/ChatStarterPrompts.tsx
[1]   - common/home/ChatWidget.tsx
[1]   - common/layout/navigation-breadcrumbs.tsx
[1]   - common/layout/unified-sidebar.tsx
[1]   - common/login/Login.tsx
[1]   - common/model/Model.tsx
[1]   - common/rubric/Rubric.tsx
[1]   - common/rubric/TableRubric.tsx
[1]   - common/scenario/Scenario.tsx
[1]   - common/scenario/ScenarioPicker.tsx
[1]   - common/scenario/ScenarioSlider.tsx
[1]   - common/simulation/Simulation.tsx
[1]   - create/agents/AgentEdit.tsx
[1]   - create/agents/Agents.tsx
[1]   - create/agents/NewAgent.tsx
[1]   - create/classes/ClassEdit.tsx
[1]   - create/classes/ClassStatus.tsx
[1]   - create/classes/Classes.tsx
[1]   - create/classes/NewClass.tsx
[1]   - create/rubrics/NewRubric.tsx
[1]   - create/rubrics/RubricEdit.tsx
[1]   - create/rubrics/Rubrics.tsx
[1]   - create/scenarios/NewScenario.tsx
[1]   - create/scenarios/ScenarioEdit.tsx
[1]   - create/scenarios/Scenarios.tsx
[1]   - create/simulations/NewSimulation.tsx
[1]   - create/simulations/SimulationEdit.tsx
[1]   - create/simulations/Simulations.tsx
[1]   - home/Home.tsx
[1]   - management/cohorts/CohortEdit.tsx
[1]   - management/cohorts/Cohorts.tsx
[1]   - management/cohorts/NewCohort.tsx
[1]   - management/evals/EvalDetails.tsx
[1]   - management/evals/EvalEdit.tsx
[1]   - management/evals/Evals.tsx
[1]   - management/evals/NewEval.tsx
[1]   - management/logs/Logs.tsx
[1]   - management/models/ModelEdit.tsx
[1]   - management/models/Models.tsx
[1]   - management/models/NewModel.tsx
[1]   - management/staff/NewStaff.tsx
[1]   - management/staff/Staff.tsx
[1]   - management/staff/StaffEdit.tsx
[1]   - profile/Profile.tsx
[1] 
[1] 📁 Generating test files...
[1] ✨ Updated Dashboard.test.tsx (was empty/incomplete)
[1] ⏭️  Skipping History.test.tsx (already implemented)
[1] ⏭️  Skipping Reports.test.tsx (already implemented)
[1] ⏭️  Skipping Agent.test.tsx (already implemented)
[1] ✨ Updated Registry.test.tsx (was empty/incomplete)
[1] ⏭️  Skipping CohortCompletion.test.tsx (already implemented)
[1] ✨ Updated ScenarioData.test.tsx (was empty/incomplete)
[1] ✨ Updated SimulationPerformance.test.tsx (was empty/incomplete)
[1] ✨ Updated SkillGrowth.test.tsx (was empty/incomplete)
[1] ✨ Updated ActiveCohorts.test.tsx (was empty/incomplete)
[1] ✨ Updated AverageScore.test.tsx (was empty/incomplete)
[1] ✨ Updated CompletionRate.test.tsx (was empty/incomplete)
[1] ✨ Updated NeedSupport.test.tsx (was empty/incomplete)
[1] ✨ Updated PassRate.test.tsx (was empty/incomplete)
[1] ✨ Updated TotalSessions.test.tsx (was empty/incomplete)
[1] ✨ Updated TotalTas.test.tsx (was empty/incomplete)
[1] ✨ Updated TrainingHours.test.tsx (was empty/incomplete)
[1] ✨ Updated TrainingSessions.test.tsx (was empty/incomplete)
[1] ✨ Updated PerformanceByPersonality.test.tsx (was empty/incomplete)
[1] ✨ Updated PerformanceTrends.test.tsx (was empty/incomplete)
[1] ✨ Updated SessionActivity.test.tsx (was empty/incomplete)
[1] ✨ Updated ClassPerformance.test.tsx (was empty/incomplete)
[1] ✨ Updated SkillBreakdown.test.tsx (was empty/incomplete)
[1] ✨ Updated TrainingInsights.test.tsx (was empty/incomplete)
[1] ⏭️  Skipping Attempt.test.tsx (already implemented)
[1] ⏭️  Skipping DocumentViewer.test.tsx (already implemented)
[1] ⏭️  Skipping EvaluationRun.test.tsx (already implemented)
[1] ⏭️  Skipping Markdown.test.tsx (already implemented)
[1] ⏭️  Skipping MarkdownImage.test.tsx (already implemented)
[1] ⏭️  Skipping ClassForm.test.tsx (already implemented)
[1] ⏭️  Skipping Cohort.test.tsx (already implemented)
[1] ✨ Updated CarouselSection.test.tsx (was empty/incomplete)
[1] ✨ Updated DashboardEdit.test.tsx (was empty/incomplete)
[1] ✨ Updated DraggableComponent.test.tsx (was empty/incomplete)
[1] ✨ Updated DropZone.test.tsx (was empty/incomplete)
[1] ✨ Updated FooterPreview.test.tsx (was empty/incomplete)
[1] ✨ Updated HeaderPreview.test.tsx (was empty/incomplete)
[1] ✨ Updated SettingsDialog.test.tsx (was empty/incomplete)
[1] ⏭️  Skipping Eval.test.tsx (already implemented)
[1] ⏭️  Skipping SimulationHistory.test.tsx (already implemented)
[1] ⏭️  Skipping columns.test.tsx (already implemented)
[1] ⏭️  Skipping data-table-column-header.test.tsx (already implemented)
[1] ⏭️  Skipping data-table-faceted-filter.test.tsx (already implemented)
[1] ⏭️  Skipping data-table-pagination.test.tsx (already implemented)
[1] ⏭️  Skipping data-table-row-actions.test.tsx (already implemented)
[1] ⏭️  Skipping data-table-toolbar.test.tsx (already implemented)
[1] ⏭️  Skipping data-table-view-options.test.tsx (already implemented)
[1] ⏭️  Skipping data-table.test.tsx (already implemented)
[1] ⏭️  Skipping export-button.test.tsx (already implemented)
[1] ✨ Updated ChatDialog.test.tsx (was empty/incomplete)
[1] ✨ Updated ChatFab.test.tsx (was empty/incomplete)
[1] ✨ Updated ChatInput.test.tsx (was empty/incomplete)
[1] ✨ Updated ChatMessages.test.tsx (was empty/incomplete)
[1] ⏭️  Skipping ChatStarterPrompts.test.tsx (already implemented)
[1] ✨ Updated ChatWidget.test.tsx (was empty/incomplete)
[1] ⏭️  Skipping navigation-breadcrumbs.test.tsx (already implemented)
[1] ⏭️  Skipping unified-sidebar.test.tsx (already implemented)
[1] ✨ Updated Login.test.tsx (was empty/incomplete)
[1] ⏭️  Skipping Model.test.tsx (already implemented)
[1] ⏭️  Skipping Rubric.test.tsx (already implemented)
[1] ⏭️  Skipping TableRubric.test.tsx (already implemented)
[1] ⏭️  Skipping Scenario.test.tsx (already implemented)
[1] ⏭️  Skipping ScenarioPicker.test.tsx (already implemented)
[1] ⏭️  Skipping ScenarioSlider.test.tsx (already implemented)
[1] ⏭️  Skipping Simulation.test.tsx (already implemented)
[1] ⏭️  Skipping AgentEdit.test.tsx (already implemented)
[1] ⏭️  Skipping Agents.test.tsx (already implemented)
[1] ⏭️  Skipping NewAgent.test.tsx (already implemented)
[1] ⏭️  Skipping ClassEdit.test.tsx (already implemented)
[1] ⏭️  Skipping ClassStatus.test.tsx (already implemented)
[1] ⏭️  Skipping Classes.test.tsx (already implemented)
[1] ⏭️  Skipping NewClass.test.tsx (already implemented)
[1] ⏭️  Skipping NewRubric.test.tsx (already implemented)
[1] ⏭️  Skipping RubricEdit.test.tsx (already implemented)
[1] ⏭️  Skipping Rubrics.test.tsx (already implemented)
[1] ⏭️  Skipping NewScenario.test.tsx (already implemented)
[1] ⏭️  Skipping ScenarioEdit.test.tsx (already implemented)
[1] ⏭️  Skipping Scenarios.test.tsx (already implemented)
[1] ⏭️  Skipping NewSimulation.test.tsx (already implemented)
[1] ⏭️  Skipping SimulationEdit.test.tsx (already implemented)
[1] ⏭️  Skipping Simulations.test.tsx (already implemented)
[1] ⏭️  Skipping Home.test.tsx (already implemented)
[1] ⏭️  Skipping CohortEdit.test.tsx (already implemented)
[1] ✨ Updated Cohorts.test.tsx (was empty/incomplete)
[1] ✨ Updated NewCohort.test.tsx (was empty/incomplete)
[1] ⏭️  Skipping EvalDetails.test.tsx (already implemented)
[1] ⏭️  Skipping EvalEdit.test.tsx (already implemented)
[1] ⏭️  Skipping Evals.test.tsx (already implemented)
[1] ⏭️  Skipping NewEval.test.tsx (already implemented)
[1] ✨ Updated Logs.test.tsx (was empty/incomplete)
[1] ✨ Updated ModelEdit.test.tsx (was empty/incomplete)
[1] ✨ Updated Models.test.tsx (was empty/incomplete)
[1] ✨ Updated NewModel.test.tsx (was empty/incomplete)
[1] ⏭️  Skipping NewStaff.test.tsx (already implemented)
[1] ⏭️  Skipping Staff.test.tsx (already implemented)
[1] ⏭️  Skipping StaffEdit.test.tsx (already implemented)
[1] ⏭️  Skipping Profile.test.tsx (already implemented)
[1] 
[1] 📊 Summary:
[1]   ✨ Created: 0 files
[1]   🔄 Updated: 39 files
[1]   ⏭️  Skipped: 58 files
[1] 📋 Generated coverage report: /Users/ashoksaravanan/Coding/glow/client/__tests__/component-test-coverage.md
[1] 
[1] ✅ Component test generation complete!
[1] 💡 Run "npm run test:components" to execute all component tests
[1] node scripts/generate-component-tests.js exited with code 0
[0]    ▲ Next.js 15.3.2
[0]    - Local:        http://localhost:3000
[0]    - Network:      http://192.168.1.111:3000
[0] 
[0]  ✓ Starting...
[0]    Using tsconfig file: ./tsconfig.json
[0]  ✓ Ready in 1963ms
[0]  ✓ Compiled /middleware in 272ms (108 modules)
[0]  ○ Compiling / ...
[0]  ✓ Compiled / in 2.5s (1101 modules)
[0]  GET / 200 in 2839ms
[0]  ○ Compiling /api/auth/[...nextauth] ...
[0]  ✓ Compiled /api/auth/[...nextauth] in 1178ms (1386 modules)
[0] Waiting for profile ID before connecting WebSocket {}
[0]  POST / 200 in 1505ms
[0]  GET / 200 in 17ms
[0]  GET /api/auth/session 200 in 2009ms
[0]  GET /api/auth/session 200 in 7ms
[0] Microsoft login attempt started undefined
[0]  POST / 200 in 11ms
[0]  GET /api/auth/providers 200 in 10ms
[0]  GET /api/auth/csrf 200 in 5ms
[0]  POST /api/auth/signin/microsoft-entra-id? 200 in 231ms
[0] Microsoft login attempt successful { redirectTo: '/analytics' }
[0]  POST / 200 in 8ms
[0] Updating existing user profile: { userId: 1, email: 'redacted@purdue.edu' }
[0] Updated existing user profile: {
[0]   profileId: '965bd24f-dfae-4063-b370-e1373df46322',
[0]   userId: 1,
[0]   email: 'redacted@purdue.edu'
[0] }
[0]  GET /api/auth/callback/microsoft-entra-id?code=1.ATgAOb0wQVN8nEGx5YdY1tY_IWvaxzUTZodOgTpS1b2n7CY4ABI4AA.AgABBAIAAABVrSpeuWamRam2jAF1XRQEAwDs_wUA9P_eXw-jPSAqOJbwgKIaFWYSUmFECN3hcV3S1g5S08G0HIf7z7M9nikSokPURY8pL2TyC4FvyeXIj43v7tF_-mVQ6lultef2IVlvO2_Ict9L2EU3LY89Lvqx0nSxJgLsIdSPGdBc2MTd3WgF5wd50NjEtLkCyflRreJsERTGtD8lmh94Pg4nItng1tXdPdK0V_mW08tNbvfaFyEIQaKSIzl9bFT3ddKyPsq_49NUNyL_l63RUK-WxvGapP3ejTNJIs_P3WBlW25DVTdixwTXHBwd15cRIdBFYCpHocnWVxKgvDIPs0dOPZ1v-uvgPpPmkIUg_2BhnGyHRxV-FwlvqpaRAZaMvggbb-yxlBGdbszoDM_gzADzhV0ot8BCyDUiJXUT96FB-Bz-QEwlEgFJYkCAurnrquuFfXKMXavQdnfFL294bSqi1L7xHmatWQAzDf5vVLDLTf3X2veZHgT7-JAqR0PJIvaVRDFQpINCSEUG22MImEICSdAe6QGE4UikPLLzUgrKLJq7qMZ2wSFXcPVy4gc3Yc-t5Fs4OwHs9_8ss_DNvPsq_QkQwJDOwb9PUczCwKCmK-Hv1O-txy-4KMji8lxO4gjWkYqrfkzTylOTkRbNeCY0LUHEPwQNVtZ5Mk7D2xQMIXlk3ZDIe6baExUcDoUuNSALi90biMIVnMaPwmsSsAoXQM0a4Xu2m_DYqvzs8K1WQaFvl_PmPD5hZ5EeZdYRTZ8OFOzqmE0-M4GoS3a4ozULiYUbMMVDnNm9r7rmxQkS1IvsU2k5BOiZKYpeiUS9IlNxUEQIfPk-dRJH1Q6gWv4F8IpmwIDzQt4cHOL1Q2jBriL88gg8hSeym_Kwc9grBt16ZjbzehUM8MWWk-lZDAQfQiNF1Ei1gwCVlZaCFvJ-aPf6ZGwAwWyAPOGE-3ofjEMtgQ1Idxhk2XF3&session_state=0040ba69-a447-bc77-8804-13742d5b24d8 302 in 775ms
[0]  ○ Compiling /analytics ...
[0]  ✓ Compiled /analytics in 1626ms (2889 modules)
[0]  GET /analytics 307 in 2016ms
[0]  ○ Compiling /analytics/dashboard ...
[0]  ✓ Compiled /analytics/dashboard in 1398ms (4347 modules)
[0]  GET /analytics/dashboard 200 in 1837ms
[0]  GET /api/auth/session 200 in 149ms
[0]  POST /analytics/dashboard 200 in 68ms
[0]  GET /api/auth/session 200 in 10ms
[0]  POST /analytics/dashboard 200 in 14ms
[0]  POST /analytics/dashboard 200 in 13ms
[0]  POST /analytics/dashboard 200 in 8ms
[0]  POST /analytics/dashboard 200 in 11ms
[0]  POST /analytics/dashboard 200 in 11ms
[0] Waiting for profile ID before connecting WebSocket {}
[0]  POST /analytics/dashboard 200 in 19ms
[0]  POST /analytics/dashboard 200 in 7ms
[0]  POST /analytics/dashboard 200 in 18ms
[0]  POST /analytics/dashboard 200 in 7ms
[0]  POST /analytics/dashboard 200 in 9ms
[0]  POST /analytics/dashboard 200 in 8ms
[0]  POST /analytics/dashboard 200 in 9ms
[0]  POST /analytics/dashboard 200 in 5ms
[0]  POST /analytics/dashboard 200 in 6ms
[0] Initializing global WebSocket connection { profileId: '965bd24f-dfae-4063-b370-e1373df46322', attempt: 1 }
[0]  POST /analytics/dashboard 200 in 5ms
[0]  POST /analytics/dashboard 200 in 8ms
[0] Server confirmed WebSocket connection {
[0]   serverSid: '6PZRMP977TX_9U4cAAAB',
[0]   profileId: '965bd24f-dfae-4063-b370-e1373df46322',
[0]   serverTime: 1750951961.112658,
[0]   clientTime: 1750951961157
[0] }
[0]  POST /analytics/dashboard 200 in 6ms
[0] Global WebSocket connected successfully {
[0]   socketId: '6PZRMP977TX_9U4cAAAB',
[0]   profileId: '965bd24f-dfae-4063-b370-e1373df46322',
[0]   transport: 'websocket'
[0] }
[0]  POST /analytics/dashboard 200 in 6ms
[0]  POST /analytics/dashboard 200 in 15ms
[0]  POST /analytics/dashboard 200 in 10ms
[0]  POST /analytics/dashboard 200 in 26ms
[0]  POST /analytics/dashboard 200 in 49ms
[0]  POST /analytics/dashboard 200 in 8ms
[0]  POST /analytics/dashboard 200 in 9ms
[0]  POST /analytics/dashboard 200 in 13ms
[0]  POST /analytics/dashboard 200 in 13ms
[0]  POST /analytics/dashboard 200 in 22ms
[0]  POST /analytics/dashboard 200 in 43ms
[0]  POST /analytics/dashboard 200 in 36ms
[0]  POST /analytics/dashboard 200 in 32ms
[0]  POST /analytics/dashboard 200 in 48ms
[0]  POST /analytics/dashboard 200 in 49ms
[0]  POST /analytics/dashboard 200 in 56ms
[0]  POST /analytics/dashboard 200 in 47ms
[0]  POST /analytics/dashboard 200 in 22ms
[0]  POST /analytics/dashboard 200 in 17ms
[0]  POST /analytics/dashboard 200 in 14ms
[0]  POST /analytics/dashboard 200 in 7ms
[0]  ✓ Compiled in 1028ms (4067 modules)
[0]  GET /analytics/dashboard 200 in 134ms
[0] Cleaning up global WebSocket connection undefined
[0]  POST /analytics/dashboard 200 in 119ms
[0] Global WebSocket disconnected: io client disconnect { profileId: '965bd24f-dfae-4063-b370-e1373df46322' }
[0]  POST /analytics/dashboard 200 in 6ms
[0]  POST /analytics/dashboard 200 in 19ms
[0]  POST /analytics/dashboard 200 in 9ms
[0]  POST /analytics/dashboard 200 in 7ms
[0]  POST /analytics/dashboard 200 in 7ms
[0]  POST /analytics/dashboard 200 in 5ms
[0] Initializing global WebSocket connection { profileId: '965bd24f-dfae-4063-b370-e1373df46322', attempt: 1 }
[0]  POST /analytics/dashboard 200 in 4ms
[0] Server confirmed WebSocket connection {
[0]   serverSid: 'EOh61qiqT00wJfvmAAAD',
[0]   profileId: '965bd24f-dfae-4063-b370-e1373df46322',
[0]   serverTime: 1750952034.444491,
[0]   clientTime: 1750952034447
[0] }
[0]  POST /analytics/dashboard 200 in 5ms
[0] Global WebSocket connected successfully {
[0]   socketId: 'EOh61qiqT00wJfvmAAAD',
[0]   profileId: '965bd24f-dfae-4063-b370-e1373df46322',
[0]   transport: 'websocket'
[0] }
[0]  POST /analytics/dashboard 200 in 4ms
[0]  ✓ Compiled /api/auth/[...nextauth] in 211ms (2468 modules)
[0]  GET /api/auth/session 200 in 396ms
[0]  GET /api/auth/session 200 in 9ms
[0]  POST /analytics/dashboard 200 in 95ms
[0]  POST /analytics/dashboard 200 in 7ms
[0]  POST /analytics/dashboard 200 in 7ms
[0]  POST /analytics/dashboard 200 in 22ms
[0]  POST /analytics/dashboard 200 in 10ms
[0]  POST /analytics/dashboard 200 in 11ms
[0]  POST /analytics/dashboard 200 in 16ms
[0]  ✓ Compiled in 2s (4351 modules)
[0] Cleaning up global WebSocket connection undefined
[0]  GET /api/auth/session 200 in 1330ms
[0]  GET /api/auth/session 200 in 7ms
[0]  POST /analytics/dashboard 200 in 712ms
[0] Global WebSocket disconnected: io client disconnect { profileId: '965bd24f-dfae-4063-b370-e1373df46322' }
[0]  POST /analytics/dashboard 200 in 8ms
[0] Initializing global WebSocket connection { profileId: '965bd24f-dfae-4063-b370-e1373df46322', attempt: 1 }
[0]  POST /analytics/dashboard 200 in 7ms
[0] Server confirmed WebSocket connection {
[0]   serverSid: 'YdT3jrYfqnlmgRY2AAAF',
[0]   profileId: '965bd24f-dfae-4063-b370-e1373df46322',
[0]   serverTime: 1750952050.146553,
[0]   clientTime: 1750952050147
[0] }
[0]  POST /analytics/dashboard 200 in 4ms
[0] Global WebSocket connected successfully {
[0]   socketId: 'YdT3jrYfqnlmgRY2AAAF',
[0]   profileId: '965bd24f-dfae-4063-b370-e1373df46322',
[0]   transport: 'websocket'
[0] }
[0]  POST /analytics/dashboard 200 in 5ms
[0] Cleaning up global WebSocket connection undefined
[0]  POST /analytics/dashboard 200 in 4ms
[0] Global WebSocket disconnected: io client disconnect { profileId: '965bd24f-dfae-4063-b370-e1373df46322' }
[0]  POST /analytics/dashboard 200 in 10ms
[0] Initializing global WebSocket connection { profileId: '965bd24f-dfae-4063-b370-e1373df46322', attempt: 1 }
[0]  POST /analytics/dashboard 200 in 5ms
[0]  GET /analytics/dashboard 200 in 16ms
[0] Server confirmed WebSocket connection {
[0]   serverSid: '-Uxe74Dqv-OQaB1ZAAAH',
[0]   profileId: '965bd24f-dfae-4063-b370-e1373df46322',
[0]   serverTime: 1750952050.642199,
[0]   clientTime: 1750952050643
[0] }
[0]  POST /analytics/dashboard 200 in 5ms
[0] Global WebSocket connected successfully {
[0]   socketId: '-Uxe74Dqv-OQaB1ZAAAH',
[0]   profileId: '965bd24f-dfae-4063-b370-e1373df46322',
[0]   transport: 'websocket'
[0] }
[0]  POST /analytics/dashboard 200 in 5ms
[0]  GET /api/auth/session 200 in 38ms
[0]  GET /api/auth/session 200 in 5ms
